FPS too high 59.920000. Used default fps 25.000000 instead! -_hbPLsZvvo_172_179.avi
FPS too high 59.920000. Used default fps 25.000000 instead! -_hbPLsZvvo_18_25.avi
FPS too high 59.920000. Used default fps 25.000000 instead! -_hbPLsZvvo_19_25.avi
FPS too high 59.920000. Used default fps 25.000000 instead! -_hbPLsZvvo_19_26.avi
FPS too high 59.920000. Used default fps 25.000000 instead! -_hbPLsZvvo_211_219.avi
FPS too high 59.920000. Used default fps 25.000000 instead! -_hbPLsZvvo_269_275.avi
FPS too high 59.920000. Used default fps 25.000000 instead! -_hbPLsZvvo_288_305.avi
FPS too high 59.920000. Used default fps 25.000000 instead! -_hbPLsZvvo_323_328.avi
FPS too high 59.920000. Used default fps 25.000000 instead! -_hbPLsZvvo_43_55.avi
FPS too high 59.920000. Used default fps 25.000000 instead! -_hbPLsZvvo_49_55.avi
FPS too high 59.920000. Used default fps 25.000000 instead! -_hbPLsZvvo_5_8.avi
FPS too high 59.920000. Used default fps 25.000000 instead! -Cv5LsqKUXc_17_25.avi
FPS too high 59.920000. Used default fps 25.000000 instead! -Cv5LsqKUXc_71_76.avi
FPS too high 59.920000. Used default fps 25.000000 instead! -DKuLXYoY3g_14_20.avi
FPS too high 59.920000. Used default fps 25.000000 instead! bmvD4HlPFxg_20_27.avi
FPS too high 59.920000. Used default fps 25.000000 instead! BR4yQFZK9YM_101_110.avi
FPS too high 53.080000. Used default fps 25.000000 instead! ub-aYLzCF_Q_1_10.avi
FPS too high 59.920000. Used default fps 25.000000 instead! kI6MWZrl8v8_149_161.avi
FPS too high 57.170000. Used default fps 25.000000 instead! kNHivduxQWg_0_14.avi
FPS too high 59.920000. Used default fps 25.000000 instead! kWLNZzuo3do_145_151.avi
FPS too high 59.920000. Used default fps 25.000000 instead! kWLNZzuo3do_147_153.avi
FPS too high 59.920000. Used default fps 25.000000 instead! kWLNZzuo3do_152_164.avi
FPS too high 59.920000. Used default fps 25.000000 instead! kWLNZzuo3do_154_165.avi
FPS too high 59.920000. Used default fps 25.000000 instead! kWLNZzuo3do_167_181.avi
FPS too high 59.920000. Used default fps 25.000000 instead! kWLNZzuo3do_17_23.avi
FPS too high 59.920000. Used default fps 25.000000 instead! kWLNZzuo3do_192_196.avi
FPS too high 59.920000. Used default fps 25.000000 instead! kWLNZzuo3do_206_213.avi
FPS too high 59.920000. Used default fps 25.000000 instead! kWLNZzuo3do_217_222.avi
FPS too high 59.920000. Used default fps 25.000000 instead! kWLNZzuo3do_222_227.avi
FPS too high 59.920000. Used default fps 25.000000 instead! kWLNZzuo3do_228_232.avi
FPS too high 59.920000. Used default fps 25.000000 instead! kWLNZzuo3do_24_31.avi
FPS too high 59.920000. Used default fps 25.000000 instead! kWLNZzuo3do_251_260.avi
FPS too high 59.920000. Used default fps 25.000000 instead! kWLNZzuo3do_25_32.avi
FPS too high 59.920000. Used default fps 25.000000 instead! kWLNZzuo3do_262_270.avi
FPS too high 59.920000. Used default fps 25.000000 instead! kWLNZzuo3do_31_37.avi
FPS too high 59.920000. Used default fps 25.000000 instead! kWLNZzuo3do_38_42.avi
FPS too high 59.920000. Used default fps 25.000000 instead! kWLNZzuo3do_38_47.avi
FPS too high 59.920000. Used default fps 25.000000 instead! kWLNZzuo3do_48_53.avi
FPS too high 59.920000. Used default fps 25.000000 instead! kWLNZzuo3do_56_62.avi
FPS too high 59.920000. Used default fps 25.000000 instead! kWLNZzuo3do_76_80.avi
FPS too high 59.920000. Used default fps 25.000000 instead! kWLNZzuo3do_77_83.avi
FPS too high 59.920000. Used default fps 25.000000 instead! kWLNZzuo3do_86_93.avi
FPS too high 59.920000. Used default fps 25.000000 instead! lAznAeFFldg_6_10.avi
FPS too high 59.920000. Used default fps 25.000000 instead! D2FbgK_kkE8_121_151.avi
FPS too high 59.920000. Used default fps 25.000000 instead! d7Gs0uGFLh0_5_13.avi
FPS too high 59.920000. Used default fps 25.000000 instead! 2jXxtQRy47A_30_38.avi
FPS too high 59.920000. Used default fps 25.000000 instead! e996zZ0uV_A_152_163.avi
FPS too high 59.920000. Used default fps 25.000000 instead! e996zZ0uV_A_196_204.avi
FPS too high 59.920000. Used default fps 25.000000 instead! e996zZ0uV_A_68_72.avi
FPS too high 59.920000. Used default fps 25.000000 instead! EA-J-Y6QjUo_40_61.avi
FPS too high 59.920000. Used default fps 25.000000 instead! 4D1o4FC8YbA_207_216.avi
FPS too high 59.920000. Used default fps 25.000000 instead! 4D1o4FC8YbA_29_39.avi
FPS too high 59.080000. Used default fps 25.000000 instead! 4JVpbYmqfcI_5_19.avi
FPS too high 59.920000. Used default fps 25.000000 instead! 4PayIIIOeIs_230_238.avi
FPS not found for video 4yYapi-5QYQ_33_57.avi
FPS too high 59.920000. Used default fps 25.000000 instead! WTx-K045yQM_85_98.avi
FPS too high 59.920000. Used default fps 25.000000 instead! 5dv8MSWlxoQ_10_40.avi
FPS too high 59.920000. Used default fps 25.000000 instead! 5EXVeP6R3yc_105_108.avi
FPS too high 59.920000. Used default fps 25.000000 instead! nc8hwLaOyZU_1_19.avi
FPS too high 58.080000. Used default fps 25.000000 instead! fkONJEgTNJY_25_35.avi
FPS too high 59.920000. Used default fps 25.000000 instead! yBK02O1Oewc_20_35.avi
FPS too high 59.920000. Used default fps 25.000000 instead! 778mkceE0UQ_40_46.avi
FPS too high 59.920000. Used default fps 25.000000 instead! YmXCfQm0_CA_109_120.avi
FPS too high 59.920000. Used default fps 25.000000 instead! YmXCfQm0_CA_140_156.avi
FPS too high 59.920000. Used default fps 25.000000 instead! YmXCfQm0_CA_277_284.avi
FPS too high 59.920000. Used default fps 25.000000 instead! YmXCfQm0_CA_50_57.avi
FPS too high 59.920000. Used default fps 25.000000 instead! YmXCfQm0_CA_68_75.avi
FPS too high 59.920000. Used default fps 25.000000 instead! YmXCfQm0_CA_7_16.avi
FPS too high 59.920000. Used default fps 25.000000 instead! gGDtPJzh_0s_30_45.avi
FPS too high 59.920000. Used default fps 25.000000 instead! 88p7U5CnoYU_1_10.avi
FPS too high 58.250000. Used default fps 25.000000 instead! ghynaoVNwZc_1_20.avi
FPS too high 59.920000. Used default fps 25.000000 instead! 8sARjdhSvpo_167_176.avi
FPS too high 59.920000. Used default fps 25.000000 instead! oSnYUfCGiCA_7_17.avi
FPS too high 51.920000. Used default fps 25.000000 instead! p9g06ktIkJg_4_11.avi
FPS too high 59.920000. Used default fps 25.000000 instead! 9Q0JfdP36kI_167_170.avi
FPS too high 59.920000. Used default fps 25.000000 instead! 9Q0JfdP36kI_19_27.avi
FPS too high 59.920000. Used default fps 25.000000 instead! 9Q0JfdP36kI_23_28.avi
FPS too high 59.920000. Used default fps 25.000000 instead! 9Q0JfdP36kI_56_64.avi
FPS too high 59.920000. Used default fps 25.000000 instead! hEOGZoYSvT4_82_86.avi
FPS too high 57.420000. Used default fps 25.000000 instead! ZsrPKtx0qyg_7_15.avi
FPS too high 59.920000. Used default fps 25.000000 instead! PiyoeFC31kE_9_27.avi
FPS too high 59.920000. Used default fps 25.000000 instead! _O9kWD8nuRU_16_23.avi
FPS too high 59.920000. Used default fps 25.000000 instead! _O9kWD8nuRU_25_35.avi
FPS too high 59.920000. Used default fps 25.000000 instead! _O9kWD8nuRU_37_43.avi
FPS too high 59.920000. Used default fps 25.000000 instead! _O9kWD8nuRU_45_49.avi
FPS too high 59.920000. Used default fps 25.000000 instead! _O9kWD8nuRU_50_56.avi
FPS too high 59.920000. Used default fps 25.000000 instead! _O9kWD8nuRU_70_76.avi
FPS too high 59.920000. Used default fps 25.000000 instead! _O9kWD8nuRU_77_81.avi
FPS too high 58.920000. Used default fps 25.000000 instead! htWPOGTagec_2_18.avi
FPS too high 59.920000. Used default fps 25.000000 instead! a-cek0mvXxE_15_25.avi
FPS too high 59.920000. Used default fps 25.000000 instead! Qjbcibrv3L0_26_32.avi
FPS too high 59.920000. Used default fps 25.000000 instead! pUPKsHTDZTo_70_85.avi
FPS too high 52.670000. Used default fps 25.000000 instead! qypmR4O1Gwk_0_10.avi
FPS too high 59.920000. Used default fps 25.000000 instead! iLr7ZHAq1ro_7_11.avi
FPS too high 59.920000. Used default fps 25.000000 instead! ruNrdmjcNTc_0_5.avi
FPS too high 59.920000. Used default fps 25.000000 instead! j1Z890_Q3so_131_138.avi
FPS too high 59.920000. Used default fps 25.000000 instead! ScdUht-pM6s_53_63.avi
FPS too high 59.920000. Used default fps 25.000000 instead! j4dMnAPZu70_11_18.avi
FPS too high 59.920000. Used default fps 25.000000 instead! j4dMnAPZu70_12_17.avi
